nohup: ignoring input
/opt/conda/envs/pytorch_env/lib/python3.12/site-packages/torch/nn/modules/transformer.py:307: UserWarning: enable_nested_tensor is True, but self.use_nested_tensor is False because encoder_layer.self_attn.batch_first was not True(use batch_first for better inference performance)
  warnings.warn(f"enable_nested_tensor is True, but self.use_nested_tensor is False because {why_not_sparsity_fast_path}")
/opt/conda/conda-bld/pytorch_1720538455419/work/aten/src/ATen/native/cuda/Indexing.cu:1284: indexSelectLargeIndex: block: [209,0,0], thread: [64,0,0] Assertion `srcIndex < srcSelectDimSize` failed.
/opt/conda/conda-bld/pytorch_1720538455419/work/aten/src/ATen/native/cuda/Indexing.cu:1284: indexSelectLargeIndex: block: [209,0,0], thread: [65,0,0] Assertion `srcIndex < srcSelectDimSize` failed.
/opt/conda/conda-bld/pytorch_1720538455419/work/aten/src/ATen/native/cuda/Indexing.cu:1284: indexSelectLargeIndex: block: [209,0,0], thread: [66,0,0] Assertion `srcIndex < srcSelectDimSize` failed.
/opt/conda/conda-bld/pytorch_1720538455419/work/aten/src/ATen/native/cuda/Indexing.cu:1284: indexSelectLargeIndex: block: [209,0,0], thread: [67,0,0] Assertion `srcIndex < srcSelectDimSize` failed.
/opt/conda/conda-bld/pytorch_1720538455419/work/aten/src/ATen/native/cuda/Indexing.cu:1284: indexSelectLargeIndex: block: [209,0,0], thread: [68,0,0] Assertion `srcIndex < srcSelectDimSize` failed.
/opt/conda/conda-bld/pytorch_1720538455419/work/aten/src/ATen/native/cuda/Indexing.cu:1284: indexSelectLargeIndex: block: [209,0,0], thread: [69,0,0] Assertion `srcIndex < srcSelectDimSize` failed.
/opt/conda/conda-bld/pytorch_1720538455419/work/aten/src/ATen/native/cuda/Indexing.cu:1284: indexSelectLargeIndex: block: [209,0,0], thread: [70,0,0] Assertion `srcIndex < srcSelectDimSize` failed.
/opt/conda/conda-bld/pytorch_1720538455419/work/aten/src/ATen/native/cuda/Indexing.cu:1284: indexSelectLargeIndex: block: [209,0,0], thread: [71,0,0] Assertion `srcIndex < srcSelectDimSize` failed.
/opt/conda/conda-bld/pytorch_1720538455419/work/aten/src/ATen/native/cuda/Indexing.cu:1284: indexSelectLargeIndex: block: [209,0,0], thread: [72,0,0] Assertion `srcIndex < srcSelectDimSize` failed.
/opt/conda/conda-bld/pytorch_1720538455419/work/aten/src/ATen/native/cuda/Indexing.cu:1284: indexSelectLargeIndex: block: [209,0,0], thread: [73,0,0] Assertion `srcIndex < srcSelectDimSize` failed.
/opt/conda/conda-bld/pytorch_1720538455419/work/aten/src/ATen/native/cuda/Indexing.cu:1284: indexSelectLargeIndex: block: [209,0,0], thread: [74,0,0] Assertion `srcIndex < srcSelectDimSize` failed.
/opt/conda/conda-bld/pytorch_1720538455419/work/aten/src/ATen/native/cuda/Indexing.cu:1284: indexSelectLargeIndex: block: [209,0,0], thread: [75,0,0] Assertion `srcIndex < srcSelectDimSize` failed.
/opt/conda/conda-bld/pytorch_1720538455419/work/aten/src/ATen/native/cuda/Indexing.cu:1284: indexSelectLargeIndex: block: [209,0,0], thread: [76,0,0] Assertion `srcIndex < srcSelectDimSize` failed.
/opt/conda/conda-bld/pytorch_1720538455419/work/aten/src/ATen/native/cuda/Indexing.cu:1284: indexSelectLargeIndex: block: [209,0,0], thread: [77,0,0] Assertion `srcIndex < srcSelectDimSize` failed.
/opt/conda/conda-bld/pytorch_1720538455419/work/aten/src/ATen/native/cuda/Indexing.cu:1284: indexSelectLargeIndex: block: [209,0,0], thread: [78,0,0] Assertion `srcIndex < srcSelectDimSize` failed.
/opt/conda/conda-bld/pytorch_1720538455419/work/aten/src/ATen/native/cuda/Indexing.cu:1284: indexSelectLargeIndex: block: [209,0,0], thread: [79,0,0] Assertion `srcIndex < srcSelectDimSize` failed.
/opt/conda/conda-bld/pytorch_1720538455419/work/aten/src/ATen/native/cuda/Indexing.cu:1284: indexSelectLargeIndex: block: [209,0,0], thread: [80,0,0] Assertion `srcIndex < srcSelectDimSize` failed.
/opt/conda/conda-bld/pytorch_1720538455419/work/aten/src/ATen/native/cuda/Indexing.cu:1284: indexSelectLargeIndex: block: [209,0,0], thread: [81,0,0] Assertion `srcIndex < srcSelectDimSize` failed.
/opt/conda/conda-bld/pytorch_1720538455419/work/aten/src/ATen/native/cuda/Indexing.cu:1284: indexSelectLargeIndex: block: [209,0,0], thread: [82,0,0] Assertion `srcIndex < srcSelectDimSize` failed.
/opt/conda/conda-bld/pytorch_1720538455419/work/aten/src/ATen/native/cuda/Indexing.cu:1284: indexSelectLargeIndex: block: [209,0,0], thread: [83,0,0] Assertion `srcIndex < srcSelectDimSize` failed.
/opt/conda/conda-bld/pytorch_1720538455419/work/aten/src/ATen/native/cuda/Indexing.cu:1284: indexSelectLargeIndex: block: [209,0,0], thread: [84,0,0] Assertion `srcIndex < srcSelectDimSize` failed.
/opt/conda/conda-bld/pytorch_1720538455419/work/aten/src/ATen/native/cuda/Indexing.cu:1284: indexSelectLargeIndex: block: [209,0,0], thread: [85,0,0] Assertion `srcIndex < srcSelectDimSize` failed.
/opt/conda/conda-bld/pytorch_1720538455419/work/aten/src/ATen/native/cuda/Indexing.cu:1284: indexSelectLargeIndex: block: [209,0,0], thread: [86,0,0] Assertion `srcIndex < srcSelectDimSize` failed.
/opt/conda/conda-bld/pytorch_1720538455419/work/aten/src/ATen/native/cuda/Indexing.cu:1284: indexSelectLargeIndex: block: [209,0,0], thread: [87,0,0] Assertion `srcIndex < srcSelectDimSize` failed.
/opt/conda/conda-bld/pytorch_1720538455419/work/aten/src/ATen/native/cuda/Indexing.cu:1284: indexSelectLargeIndex: block: [209,0,0], thread: [88,0,0] Assertion `srcIndex < srcSelectDimSize` failed.
/opt/conda/conda-bld/pytorch_1720538455419/work/aten/src/ATen/native/cuda/Indexing.cu:1284: indexSelectLargeIndex: block: [209,0,0], thread: [89,0,0] Assertion `srcIndex < srcSelectDimSize` failed.
/opt/conda/conda-bld/pytorch_1720538455419/work/aten/src/ATen/native/cuda/Indexing.cu:1284: indexSelectLargeIndex: block: [209,0,0], thread: [90,0,0] Assertion `srcIndex < srcSelectDimSize` failed.
/opt/conda/conda-bld/pytorch_1720538455419/work/aten/src/ATen/native/cuda/Indexing.cu:1284: indexSelectLargeIndex: block: [209,0,0], thread: [91,0,0] Assertion `srcIndex < srcSelectDimSize` failed.
/opt/conda/conda-bld/pytorch_1720538455419/work/aten/src/ATen/native/cuda/Indexing.cu:1284: indexSelectLargeIndex: block: [209,0,0], thread: [92,0,0] Assertion `srcIndex < srcSelectDimSize` failed.
/opt/conda/conda-bld/pytorch_1720538455419/work/aten/src/ATen/native/cuda/Indexing.cu:1284: indexSelectLargeIndex: block: [209,0,0], thread: [93,0,0] Assertion `srcIndex < srcSelectDimSize` failed.
/opt/conda/conda-bld/pytorch_1720538455419/work/aten/src/ATen/native/cuda/Indexing.cu:1284: indexSelectLargeIndex: block: [209,0,0], thread: [94,0,0] Assertion `srcIndex < srcSelectDimSize` failed.
/opt/conda/conda-bld/pytorch_1720538455419/work/aten/src/ATen/native/cuda/Indexing.cu:1284: indexSelectLargeIndex: block: [209,0,0], thread: [95,0,0] Assertion `srcIndex < srcSelectDimSize` failed.
Using device: cuda:0
Traceback (most recent call last):
  File "/home/jovyan/work/insilico_translation/script/Training_Transformer.py", line 120, in <module>
    train_model(args.data_dir, args.model_save_path, args.num_epochs, args.batch_size, args.learning_rate, args.use_gpu, args.model_prefix, args.max_len)
  File "/home/jovyan/work/insilico_translation/script/Training_Transformer.py", line 85, in train_model
    assert not torch.isnan(outputs).any(), "Model output contains NaN"
               ^^^^^^^^^^^^^^^^^^^^^^^^^^
RuntimeError: CUDA error: device-side assert triggered
CUDA kernel errors might be asynchronously reported at some other API call, so the stacktrace below might be incorrect.
For debugging consider passing CUDA_LAUNCH_BLOCKING=1
Compile with `TORCH_USE_CUDA_DSA` to enable device-side assertions.

